<?xml version="1.0" encoding="UTF-8"?>
<!-- Generated by org.testng.reporters.JUnitReportReporter -->
<testsuite hostname="predator" failures="0" tests="6" name="scripts.TestCase" time="63.654" errors="0" timestamp="20 Nov 2022 07:17:15 GMT">
  <testcase classname="scripts.TestCase" name="tc_6" time="1.974"/>
  <testcase classname="scripts.TestCase" name="tc_1" time="8.815"/>
  <testcase classname="scripts.TestCase" name="tc_2" time="13.753"/>
  <testcase classname="scripts.TestCase" name="tc_4" time="19.565"/>
  <testcase classname="scripts.TestCase" name="tc_3" time="14.212"/>
  <testcase classname="scripts.TestCase" name="tc_5" time="5.335"/>
</testsuite> <!-- scripts.TestCase -->
